<?xml version="1.0" encoding="UTF-8"?>
<!-- Generated by org.testng.reporters.JUnitXMLReporter -->
<testsuite ignored="0" hostname="Raghu" failures="0" tests="5" name="Default test" time="47.675" errors="0" timestamp="2023-04-28T16:53:37 BST">
  <testcase classname="com.qa.TestLayer.LoginPageTest" name="verifyLoginPageTitle" time="0.027"/>
  <testcase classname="com.qa.TestLayer.LoginPageTest" name="verifyLoginPageURL" time="0.016"/>
  <testcase classname="com.qa.TestLayer.LoginPageTest" name="verifyForgotLink" time="0.11"/>
  <testcase classname="com.qa.TestLayer.LoginPageTest" name="verifyRegisterLink" time="0.077"/>
  <testcase classname="com.qa.TestLayer.LoginPageTest" name="verifydoLogin" time="37.831"/>
</testsuite> <!-- Default test -->
