<?xml version="1.0" encoding="UTF-8"?>
<!-- Generated by org.testng.reporters.JUnitXMLReporter -->
<testsuite ignored="0" hostname="Raghu" failures="0" tests="5" name="Login Page Test" time="46.511" errors="0" timestamp="2023-05-03T17:56:06 BST">
  <testcase classname="com.qa.TestLayer.LoginPageTest" name="verifyLoginPageTitle" time="0.029"/>
  <testcase classname="com.qa.TestLayer.LoginPageTest" name="verifyLoginPageURL" time="0.014"/>
  <testcase classname="com.qa.TestLayer.LoginPageTest" name="verifyForgotLink" time="0.102"/>
  <testcase classname="com.qa.TestLayer.LoginPageTest" name="verifyRegisterLink" time="0.071"/>
  <testcase classname="com.qa.TestLayer.LoginPageTest" name="verifydoLogin" time="38.514"/>
</testsuite> <!-- Login Page Test -->
